
> trip-planner@1.0.0 dev
> PORT=3001 node server.js

> Ready on http://0.0.0.0:3000
 ✓ Compiled / in 411ms (352 modules)
 GET / 200 in 540ms
 ✓ Compiled /_error in 129ms (354 modules)
 GET /api/trips 404 in 153ms
 GET / 200 in 19ms
 GET /api/trips 404 in 7ms
 GET / 200 in 6ms
 GET /api/trips 404 in 9ms
 GET /api/trips 404 in 6ms
 ✓ Compiled in 153ms (354 modules)
 ✓ Compiled in 176ms (354 modules)
 GET / 200 in 49ms
 GET /api/trips 404 in 18ms
 GET / 200 in 6ms
 GET /api/trips 404 in 7ms
 GET /api/trips 404 in 7ms
 GET / 200 in 10ms
 GET /api/trips 404 in 12ms
 ✓ Compiled in 713ms (354 modules)
 ✓ Compiled in 149ms (354 modules)
 GET / 200 in 35ms
 GET /api/trips 404 in 9ms
 GET / 200 in 7ms
 GET /api/trips 404 in 8ms
 GET / 200 in 8ms
 GET /api/trips 404 in 8ms
